npm verb cli C:\Program Files\nodejs\node.exe C:\Users\srini\AppData\Roaming\npm\node_modules\npm\bin\npm-cli.js
npm info using npm@10.2.4
npm info using node@v18.17.1
npm verb title npm install
npm verb argv "install" "--legacy-peer-deps" "--loglevel" "verbose"
npm verb logfile logs-max:10 dir:C:\Users\srini\AppData\Local\npm-cache\_logs\2023-12-29T14_32_10_209Z-
npm verb logfile C:\Users\srini\AppData\Local\npm-cache\_logs\2023-12-29T14_32_10_209Z-debug-0.log
npm http fetch GET 200 https://registry.npmjs.org/browserstack-cypress-cli 1055ms (cache revalidated)
npm http fetch GET 200 https://registry.npmjs.org/cypress 85ms (cache revalidated)
npm http fetch GET 200 https://registry.npmjs.org/async 1242ms (cache revalidated)
npm http fetch GET 200 https://registry.npmjs.org/proxy-from-env 1202ms (cache revalidated)
npm http fetch GET 200 https://registry.npmjs.org/chalk 1310ms (cache revalidated)
npm http fetch GET 200 https://registry.npmjs.org/glob 1306ms (cache revalidated)
npm http fetch GET 200 https://registry.npmjs.org/mkdirp 1309ms (cache revalidated)
npm http fetch GET 200 https://registry.npmjs.org/winston 1304ms (cache revalidated)
npm http fetch GET 200 https://registry.npmjs.org/windows-release 1307ms (cache revalidated)
npm http fetch GET 200 https://registry.npmjs.org/table 1314ms (cache revalidated)
npm http fetch GET 200 https://registry.npmjs.org/mocha 1324ms (cache revalidated)
npm http fetch GET 200 https://registry.npmjs.org/archiver 1348ms (cache revalidated)
npm http fetch GET 200 https://registry.npmjs.org/request 1340ms (cache revalidated)
npm http fetch GET 200 https://registry.npmjs.org/cli-table3 1319ms (cache revalidated)
npm http fetch GET 200 https://registry.npmjs.org/uuid 1340ms (cache revalidated)
npm http fetch GET 200 https://registry.npmjs.org/fs-extra 1356ms (cache revalidated)
npm http fetch GET 200 https://registry.npmjs.org/@types%2Fsinonjs__fake-timers 1336ms (cache revalidated)
npm http fetch GET 200 https://registry.npmjs.org/requestretry 1352ms (cache revalidated)
npm http fetch GET 200 https://registry.npmjs.org/@cypress%2Fxvfb 1341ms (cache revalidated)
npm http fetch GET 200 https://registry.npmjs.org/buffer 1335ms (cache revalidated)
npm http fetch GET 200 https://registry.npmjs.org/yargs 1353ms (cache revalidated)
npm http fetch GET 200 https://registry.npmjs.org/arch 1349ms (cache revalidated)
npm http fetch GET 200 https://registry.npmjs.org/check-more-types 1345ms (cache revalidated)
npm http fetch GET 200 https://registry.npmjs.org/blob-util 1351ms (cache revalidated)
npm http fetch GET 200 https://registry.npmjs.org/fs-extra 1330ms (cache revalidated)
npm http fetch GET 200 https://registry.npmjs.org/is-installed-globally 1330ms (cache revalidated)
npm http fetch GET 200 https://registry.npmjs.org/@types%2Fsizzle 1361ms (cache revalidated)
npm http fetch GET 200 https://registry.npmjs.org/decompress 1369ms (cache revalidated)
npm http fetch GET 200 https://registry.npmjs.org/@cypress%2Frequest 1372ms (cache revalidated)
npm http fetch GET 200 https://registry.npmjs.org/extract-zip 1347ms (cache revalidated)
npm http fetch GET 200 https://registry.npmjs.org/bluebird 1370ms (cache revalidated)
npm http fetch GET 200 https://registry.npmjs.org/@types%2Fnode 1389ms (cache revalidated)
npm http fetch GET 200 https://registry.npmjs.org/figures 1410ms (cache revalidated)
npm http fetch GET 200 https://registry.npmjs.org/commander 1432ms (cache revalidated)
npm http fetch GET 200 https://registry.npmjs.org/lazy-ass 1422ms (cache revalidated)
npm http fetch GET 200 https://registry.npmjs.org/chalk 1450ms (cache revalidated)
npm http fetch GET 200 https://registry.npmjs.org/getos 1436ms (cache revalidated)
npm http fetch GET 200 https://registry.npmjs.org/cli-cursor 1458ms (cache revalidated)
npm http fetch GET 200 https://registry.npmjs.org/debug 1451ms (cache revalidated)
npm http fetch GET 200 https://registry.npmjs.org/dayjs 1460ms (cache revalidated)
npm http fetch GET 200 https://registry.npmjs.org/common-tags 1466ms (cache revalidated)
npm http fetch GET 200 https://registry.npmjs.org/process 1433ms (cache revalidated)
npm http fetch GET 200 https://registry.npmjs.org/minimist 1438ms (cache revalidated)
npm http fetch GET 200 https://registry.npmjs.org/eventemitter2 1461ms (cache revalidated)
npm http fetch GET 200 https://registry.npmjs.org/lodash 1447ms (cache revalidated)
npm http fetch GET 200 https://registry.npmjs.org/yauzl 1433ms (cache revalidated)
npm http fetch GET 200 https://registry.npmjs.org/update-notifier 1501ms (cache revalidated)
npm http fetch GET 200 https://registry.npmjs.org/execa 1474ms (cache revalidated)
npm http fetch GET 200 https://registry.npmjs.org/log-symbols 1458ms (cache revalidated)
npm http fetch GET 200 https://registry.npmjs.org/executable 1478ms (cache revalidated)
npm http fetch GET 200 https://registry.npmjs.org/supports-color 1451ms (cache revalidated)
npm http fetch GET 200 https://registry.npmjs.org/pretty-bytes 1460ms (cache revalidated)
npm http fetch GET 200 https://registry.npmjs.org/listr2 1471ms (cache revalidated)
npm http fetch GET 200 https://registry.npmjs.org/enquirer 1503ms (cache revalidated)
npm http fetch GET 200 https://registry.npmjs.org/semver 1474ms (cache revalidated)
npm http fetch GET 200 https://registry.npmjs.org/tmp 1475ms (cache revalidated)
npm http fetch GET 200 https://registry.npmjs.org/cachedir 1523ms (cache revalidated)
npm http fetch GET 200 https://registry.npmjs.org/request-progress 1482ms (cache revalidated)
npm http fetch GET 200 https://registry.npmjs.org/is-ci 1505ms (cache revalidated)
npm http fetch GET 200 https://registry.npmjs.org/untildify 1483ms (cache revalidated)
npm http fetch GET 200 https://registry.npmjs.org/browserstack-local 1565ms (cache revalidated)
npm http fetch GET 200 https://registry.npmjs.org/gitconfiglocal 1564ms (cache revalidated)
npm http fetch GET 200 https://registry.npmjs.org/git-repo-info 1568ms (cache revalidated)
npm http fetch GET 200 https://registry.npmjs.org/ospath 1506ms (cache revalidated)
npm http fetch GET 200 https://registry.npmjs.org/cli-progress 1574ms (cache revalidated)
npm http fetch GET 200 https://registry.npmjs.org/getmac 1721ms (cache revalidated)
npm http fetch GET 200 https://registry.npmjs.org/git-last-commit 1756ms (cache revalidated)
npm http fetch GET 200 https://registry.npmjs.org/node-ipc 1796ms (cache revalidated)
npm http fetch GET 200 https://registry.npmjs.org/string-width 3001ms (cache revalidated)
npm http fetch GET 200 https://registry.npmjs.org/jsonfile 2985ms (cache revalidated)
npm http fetch GET 200 https://registry.npmjs.org/pify 2994ms (cache revalidated)
npm http fetch GET 200 https://registry.npmjs.org/buffer-crc32 3041ms (cache revalidated)
npm http fetch GET 200 https://registry.npmjs.org/make-dir 2997ms (cache revalidated)
npm http fetch GET 200 https://registry.npmjs.org/ansi-styles 3014ms (cache revalidated)
npm http fetch GET 200 https://registry.npmjs.org/archiver-utils 3050ms (cache revalidated)
npm http fetch GET 200 https://registry.npmjs.org/https-proxy-agent 3035ms (cache revalidated)
npm http fetch GET 200 https://registry.npmjs.org/decompress-targz 3009ms (cache revalidated)
npm http fetch GET 200 https://registry.npmjs.org/graceful-fs 3006ms (cache revalidated)
npm http fetch GET 200 https://registry.npmjs.org/graceful-fs 3001ms (cache revalidated)
npm http fetch GET 200 https://registry.npmjs.org/tar-stream 3050ms (cache revalidated)
npm http fetch GET 200 https://registry.npmjs.org/decompress-tarbz2 3018ms (cache revalidated)
npm http fetch GET 200 https://registry.npmjs.org/inflight 2987ms (cache revalidated)
npm http fetch GET 200 https://registry.npmjs.org/agent-base 3212ms (cache revalidated)
npm http fetch GET 200 https://registry.npmjs.org/readable-stream 3236ms (cache revalidated)
npm http fetch GET 200 https://registry.npmjs.org/browser-stdout 3159ms (cache revalidated)
npm http fetch GET 200 https://registry.npmjs.org/tough-cookie 3094ms (cache revalidated)
npm http fetch GET 200 https://registry.npmjs.org/boxen 3076ms (cache revalidated)
npm http fetch GET 200 https://registry.npmjs.org/isstream 3118ms (cache revalidated)
npm http fetch GET 200 https://registry.npmjs.org/cliui 3048ms (cache revalidated)
npm http fetch GET 200 https://registry.npmjs.org/strip-dirs 3213ms (cache revalidated)
npm http fetch GET 200 https://registry.npmjs.org/require-directory 3046ms (cache revalidated)
npm http fetch GET 200 https://registry.npmjs.org/cycle 3063ms (cache revalidated)
npm http fetch GET 200 https://registry.npmjs.org/find-up 3052ms (cache revalidated)
npm http fetch GET 200 https://registry.npmjs.org/which-module 3049ms (cache revalidated)
npm http fetch GET 200 https://registry.npmjs.org/universalify 3238ms (cache revalidated)
npm http fetch GET 200 https://registry.npmjs.org/aws4 3175ms (cache revalidated)
npm http fetch GET 200 https://registry.npmjs.org/yargs-parser 3193ms (cache revalidated)
npm http fetch GET 200 https://registry.npmjs.org/once 3235ms (cache revalidated)
npm http fetch GET 200 https://registry.npmjs.org/inherits 3241ms (cache revalidated)
npm http fetch GET 200 https://registry.npmjs.org/ini 3247ms (cache revalidated)
npm http fetch GET 200 https://registry.npmjs.org/minimatch 3211ms (cache revalidated)
npm http fetch GET 200 https://registry.npmjs.org/readdir-glob 3320ms (cache revalidated)
npm http fetch GET 200 https://registry.npmjs.org/ms 3219ms (cache revalidated)
npm http fetch GET 200 https://registry.npmjs.org/serialize-javascript 3216ms (cache revalidated)
npm http fetch GET 200 https://registry.npmjs.org/find-up 3244ms (cache revalidated)
npm http fetch GET 200 https://registry.npmjs.org/decompress-tar 3304ms (cache revalidated)
npm http fetch GET 200 https://registry.npmjs.org/path-is-absolute 3265ms (cache revalidated)
npm http fetch GET 200 https://registry.npmjs.org/nanoid 3237ms (cache revalidated)
npm http fetch GET 200 https://registry.npmjs.org/yargs-unparser 3233ms (cache revalidated)
npm http fetch GET 200 https://registry.npmjs.org/diff 3262ms (cache revalidated)
npm http fetch GET 200 https://registry.npmjs.org/escape-string-regexp 3263ms (cache revalidated)
npm http fetch GET 200 https://registry.npmjs.org/decompress-unzip 3311ms (cache revalidated)
npm http fetch GET 200 https://registry.npmjs.org/chokidar 3269ms (cache revalidated)
npm http fetch GET 200 https://registry.npmjs.org/he 3281ms (cache revalidated)
npm http fetch GET 200 https://registry.npmjs.org/caseless 3256ms (cache revalidated)
npm http fetch GET 200 https://registry.npmjs.org/form-data 3255ms (cache revalidated)
npm http fetch GET 200 https://registry.npmjs.org/ansi-colors 3308ms (cache revalidated)
npm http fetch GET 200 https://registry.npmjs.org/safe-buffer 3244ms (cache revalidated)
npm http fetch GET 200 https://registry.npmjs.org/workerpool 3281ms (cache revalidated)
npm http fetch GET 200 https://registry.npmjs.org/minimatch 3324ms (cache revalidated)
npm http fetch GET 200 https://registry.npmjs.org/combined-stream 3269ms (cache revalidated)
npm http fetch GET 200 https://registry.npmjs.org/js-yaml 3300ms (cache revalidated)
npm http fetch GET 200 https://registry.npmjs.org/mime-types 3266ms (cache revalidated)
npm http fetch GET 200 https://registry.npmjs.org/performance-now 3271ms (cache revalidated)
npm http fetch GET 200 https://registry.npmjs.org/qs 3272ms (cache revalidated)
npm http fetch GET 200 https://registry.npmjs.org/strip-json-comments 3330ms (cache revalidated)
npm http fetch GET 200 https://registry.npmjs.org/aws-sign2 3316ms (cache revalidated)
npm http fetch GET 200 https://registry.npmjs.org/forever-agent 3312ms (cache revalidated)
npm http fetch GET 200 https://registry.npmjs.org/string-width 3281ms (cache revalidated)
npm http fetch GET 200 https://registry.npmjs.org/is-typedarray 3318ms (cache revalidated)
npm http fetch GET 200 https://registry.npmjs.org/extend 3325ms (cache revalidated)
npm http fetch GET 200 https://registry.npmjs.org/tunnel-agent 3300ms (cache revalidated)
npm http fetch GET 200 https://registry.npmjs.org/json-stringify-safe 3317ms (cache revalidated)
npm http fetch GET 200 https://registry.npmjs.org/extend 3298ms (cache revalidated)
npm http fetch GET 200 https://registry.npmjs.org/fs.realpath 3392ms (cache revalidated)
npm http fetch GET 200 https://registry.npmjs.org/slice-ansi 3293ms (cache revalidated)
npm http fetch GET 200 https://registry.npmjs.org/semver-diff 3273ms (cache revalidated)
npm http fetch GET 200 https://registry.npmjs.org/http-signature 3327ms (cache revalidated)
npm http fetch GET 200 https://registry.npmjs.org/ajv 3310ms (cache revalidated)
npm http fetch GET 200 https://registry.npmjs.org/configstore 3329ms (cache revalidated)
npm http fetch GET 200 https://registry.npmjs.org/import-lazy 3332ms (cache revalidated)
npm http fetch GET 200 https://registry.npmjs.org/has-yarn 3334ms (cache revalidated)
npm http fetch GET 200 https://registry.npmjs.org/pupa 3326ms (cache revalidated)
npm http fetch GET 200 https://registry.npmjs.org/event-pubsub 3394ms (cache revalidated)
npm http fetch GET 200 https://registry.npmjs.org/latest-version 3329ms (cache revalidated)
npm http fetch GET 200 https://registry.npmjs.org/isstream 3312ms (cache revalidated)
npm http fetch GET 200 https://registry.npmjs.org/stack-trace 3311ms (cache revalidated)
npm http fetch GET 200 https://registry.npmjs.org/js-message 3397ms (cache revalidated)
npm http fetch GET 200 https://registry.npmjs.org/eyes 3316ms (cache revalidated)
npm http fetch GET 200 https://registry.npmjs.org/oauth-sign 3374ms (cache revalidated)
npm http fetch GET 200 https://registry.npmjs.org/xdg-basedir 3342ms (cache revalidated)
npm http fetch GET 200 https://registry.npmjs.org/is-yarn-global 3356ms (cache revalidated)
npm http fetch GET 200 https://registry.npmjs.org/zip-stream 3537ms (cache revalidated)
npm http fetch GET 200 https://registry.npmjs.org/har-validator 3411ms (cache revalidated)
npm http fetch GET 200 https://registry.npmjs.org/decamelize 3341ms (cache revalidated)
npm http fetch GET 200 https://registry.npmjs.org/is-npm 3379ms (cache revalidated)
npm http fetch GET 200 https://registry.npmjs.org/colors 3363ms (cache revalidated)
npm http fetch GET 200 https://registry.npmjs.org/set-blocking 3347ms (cache revalidated)
npm http fetch GET 200 https://registry.npmjs.org/get-caller-file 3351ms (cache revalidated)
npm http fetch GET 200 https://registry.npmjs.org/yargs-parser 3344ms (cache revalidated)
npm http fetch GET 200 https://registry.npmjs.org/y18n 3361ms (cache revalidated)
npm http fetch GET 200 https://registry.npmjs.org/require-main-filename 3385ms (cache revalidated)
npm http fetch GET 200 https://registry.npmjs.org/ps-tree 3588ms (cache revalidated)
npm http fetch GET 200 https://registry.npmjs.org/temp-fs 3590ms (cache revalidated)
npm http fetch GET 200 https://registry.npmjs.org/js-queue 3491ms (cache revalidated)
npm http fetch GET 200 https://registry.npmjs.org/is-running 3600ms (cache revalidated)
npm http fetch GET 200 https://registry.npmjs.org/normalize-path 423ms (cache revalidated)
npm http fetch GET 200 https://registry.npmjs.org/lazystream 453ms (cache revalidated)
npm http fetch GET 200 https://registry.npmjs.org/lodash.difference 437ms (cache revalidated)
npm http fetch GET 200 https://registry.npmjs.org/lodash.flatten 436ms (cache revalidated)
npm http fetch GET 200 https://registry.npmjs.org/bl 412ms (cache revalidated)
npm http fetch GET 200 https://registry.npmjs.org/lodash.isplainobject 457ms (cache revalidated)
npm http fetch GET 200 https://registry.npmjs.org/lodash.union 452ms (cache revalidated)
npm http fetch GET 200 https://registry.npmjs.org/util-deprecate 451ms (cache revalidated)
npm http fetch GET 200 https://registry.npmjs.org/string_decoder 453ms (cache revalidated)
npm http fetch GET 200 https://registry.npmjs.org/compress-commons 401ms (cache revalidated)
npm http fetch GET 200 https://registry.npmjs.org/fs-constants 436ms (cache revalidated)
npm http fetch GET 200 https://registry.npmjs.org/end-of-stream 441ms (cache revalidated)
npm http fetch GET 200 https://registry.npmjs.org/lodash.defaults 492ms (cache revalidated)
npm http fetch GET 200 https://registry.npmjs.org/process-nextick-args 92ms (cache revalidated)
npm http fetch GET 200 https://registry.npmjs.org/core-util-is 109ms (cache revalidated)
npm http fetch GET 200 https://registry.npmjs.org/isarray 114ms (cache revalidated)
npm http fetch GET 200 https://registry.npmjs.org/rimraf 59ms (cache revalidated)
npm http fetch GET 200 https://registry.npmjs.org/event-stream 69ms (cache revalidated)
npm http fetch GET 200 https://registry.npmjs.org/color-convert 70ms (cache revalidated)
npm http fetch GET 200 https://registry.npmjs.org/has-flag 85ms (cache revalidated)
npm http fetch GET 200 https://registry.npmjs.org/color-name 77ms (cache revalidated)
npm http fetch GET 200 https://registry.npmjs.org/emoji-regex 84ms (cache revalidated)
npm http fetch GET 200 https://registry.npmjs.org/is-fullwidth-code-point 86ms (cache revalidated)
npm http fetch GET 200 https://registry.npmjs.org/strip-ansi 90ms (cache revalidated)
npm http fetch GET 200 https://registry.npmjs.org/get-stream 827ms (cache revalidated)
npm http fetch GET 200 https://registry.npmjs.org/base64-js 976ms (cache revalidated)
npm http fetch GET 200 https://registry.npmjs.org/cross-spawn 915ms (cache revalidated)
npm http fetch GET 200 https://registry.npmjs.org/undici-types 1027ms (cache revalidated)
npm http fetch GET 200 https://registry.npmjs.org/ci-info 896ms (cache revalidated)
npm http fetch GET 200 https://registry.npmjs.org/npm-run-path 926ms (cache revalidated)
npm http fetch GET 200 https://registry.npmjs.org/signal-exit 925ms (cache revalidated)
npm http fetch GET 200 https://registry.npmjs.org/@colors%2Fcolors 983ms (cache revalidated)
npm http fetch GET 200 https://registry.npmjs.org/onetime 928ms (cache revalidated)
npm http fetch GET 200 https://registry.npmjs.org/lodash.once 1058ms (cache revalidated)
npm http fetch GET 200 https://registry.npmjs.org/human-signals 941ms (cache revalidated)
npm http fetch GET 200 https://registry.npmjs.org/restore-cursor 996ms (cache revalidated)
npm http fetch GET 200 https://registry.npmjs.org/get-stream 934ms (cache revalidated)
npm http fetch GET 200 https://registry.npmjs.org/ieee754 1025ms (cache revalidated)
npm http fetch GET 200 https://registry.npmjs.org/at-least-node 927ms (cache revalidated)
npm http fetch GET 200 https://registry.npmjs.org/is-stream 950ms (cache revalidated)
npm http fetch GET 200 https://registry.npmjs.org/cli-truncate 904ms (cache revalidated)
npm http fetch GET 200 https://registry.npmjs.org/is-path-inside 924ms (cache revalidated)
npm http fetch GET 200 https://registry.npmjs.org/rfdc 903ms (cache revalidated)
npm http fetch GET 200 https://registry.npmjs.org/rxjs 904ms (cache revalidated)
npm http fetch GET 200 https://registry.npmjs.org/global-dirs 955ms (cache revalidated)
npm http fetch GET 200 https://registry.npmjs.org/throttleit 911ms (cache revalidated)
npm http fetch GET 200 https://registry.npmjs.org/wrap-ansi 926ms (cache revalidated)
npm http fetch GET 200 https://registry.npmjs.org/lru-cache 911ms (cache revalidated)
npm http fetch GET 200 https://registry.npmjs.org/merge-stream 992ms (cache revalidated)
npm http fetch GET 200 https://registry.npmjs.org/p-map 938ms (cache revalidated)
npm http fetch GET 200 https://registry.npmjs.org/@types%2Fyauzl 983ms (cache revalidated)
npm http fetch GET 200 https://registry.npmjs.org/is-unicode-supported 932ms (cache revalidated)
npm http fetch GET 200 https://registry.npmjs.org/through 960ms (cache revalidated)
npm http fetch GET 200 https://registry.npmjs.org/fd-slicer 951ms (cache revalidated)
npm http fetch GET 200 https://registry.npmjs.org/strip-final-newline 1032ms (cache revalidated)
npm http fetch GET 200 https://registry.npmjs.org/log-update 985ms (cache revalidated)
npm http fetch GET 200 https://registry.npmjs.org/colorette 998ms (cache revalidated)
npm http fetch GET 200 https://registry.npmjs.org/side-channel 263ms (cache revalidated)
npm http fetch GET 200 https://registry.npmjs.org/delayed-stream 321ms (cache revalidated)
npm http fetch GET 200 https://registry.npmjs.org/asynckit 305ms (cache revalidated)
npm http fetch GET 200 https://registry.npmjs.org/jsprim 302ms (cache revalidated)
npm http fetch GET 200 https://registry.npmjs.org/psl 269ms (cache revalidated)
npm http fetch GET 200 https://registry.npmjs.org/assert-plus 321ms (cache revalidated)
npm http fetch GET 200 https://registry.npmjs.org/mime-db 309ms (cache revalidated)
npm http fetch GET 200 https://registry.npmjs.org/url-parse 294ms (cache revalidated)
npm http fetch GET 200 https://registry.npmjs.org/sshpk 348ms (cache revalidated)
npm http fetch GET 200 https://registry.npmjs.org/punycode 307ms (cache revalidated)
npm http fetch GET 200 https://registry.npmjs.org/file-type 229ms (cache revalidated)
npm http fetch GET 200 https://registry.npmjs.org/unbzip2-stream 235ms (cache revalidated)
npm http fetch GET 200 https://registry.npmjs.org/file-type 224ms (cache revalidated)
npm http fetch GET 200 https://registry.npmjs.org/file-type 259ms (cache revalidated)
npm http fetch GET 200 https://registry.npmjs.org/is-natural-number 222ms (cache revalidated)
npm http fetch GET 200 https://registry.npmjs.org/seek-bzip 254ms (cache revalidated)
npm http fetch GET 200 https://registry.npmjs.org/xtend 81ms (cache revalidated)
npm http fetch GET 200 https://registry.npmjs.org/to-buffer 83ms (cache revalidated)
npm http fetch GET 200 https://registry.npmjs.org/buffer-alloc 93ms (cache revalidated)
npm http fetch GET 200 https://registry.npmjs.org/pinkie-promise 66ms (cache revalidated)
npm http fetch GET 200 https://registry.npmjs.org/object-assign 80ms (cache revalidated)
npm http fetch GET 200 https://registry.npmjs.org/ansi-regex 61ms (cache revalidated)
npm http fetch GET 200 https://registry.npmjs.org/which 108ms (cache revalidated)
npm http fetch GET 200 https://registry.npmjs.org/pump 105ms (cache revalidated)
npm http fetch GET 200 https://registry.npmjs.org/shebang-command 118ms (cache revalidated)
npm http fetch GET 200 https://registry.npmjs.org/path-key 121ms (cache revalidated)
npm http fetch GET 200 https://registry.npmjs.org/mimic-fn 109ms (cache revalidated)
npm http fetch GET 200 https://registry.npmjs.org/path-key 118ms (cache revalidated)
npm http fetch GET 200 https://registry.npmjs.org/shebang-regex 76ms (cache revalidated)
npm http fetch GET 200 https://registry.npmjs.org/isexe 76ms (cache revalidated)
npm http fetch GET 200 https://registry.npmjs.org/pinkie 70ms (cache revalidated)
npm http fetch GET 200 https://registry.npmjs.org/wrappy 79ms (cache revalidated)
npm http fetch GET 200 https://registry.npmjs.org/brace-expansion 79ms (cache revalidated)
npm http fetch GET 200 https://registry.npmjs.org/extsprintf 237ms (cache revalidated)
npm http fetch GET 200 https://registry.npmjs.org/verror 235ms (cache revalidated)
npm http fetch GET 200 https://registry.npmjs.org/getpass 230ms (cache revalidated)
npm http fetch GET 200 https://registry.npmjs.org/json-schema 242ms (cache revalidated)
npm http fetch GET 200 https://registry.npmjs.org/jsbn 238ms (cache revalidated)
npm http fetch GET 200 https://registry.npmjs.org/safer-buffer 253ms (cache revalidated)
npm http fetch GET 200 https://registry.npmjs.org/ecc-jsbn 268ms (cache revalidated)
npm http fetch GET 200 https://registry.npmjs.org/bcrypt-pbkdf 267ms (cache revalidated)
npm http fetch GET 200 https://registry.npmjs.org/tweetnacl 276ms (cache revalidated)
npm http fetch GET 200 https://registry.npmjs.org/dashdash 283ms (cache revalidated)
npm http fetch GET 200 https://registry.npmjs.org/asn1 306ms (cache revalidated)
npm http fetch GET 200 https://registry.npmjs.org/aggregate-error 491ms (cache revalidated)
npm http fetch GET 200 https://registry.npmjs.org/ansi-escapes 505ms (cache revalidated)
npm http fetch GET 200 https://registry.npmjs.org/tslib 500ms (cache revalidated)
npm http fetch GET 200 https://registry.npmjs.org/astral-regex 187ms (cache revalidated)
npm http fetch GET 200 https://registry.npmjs.org/type-fest 82ms (cache revalidated)
npm http fetch GET 200 https://registry.npmjs.org/balanced-match 82ms (cache revalidated)
npm http fetch GET 200 https://registry.npmjs.org/concat-map 104ms (cache revalidated)
npm http fetch GET 200 https://registry.npmjs.org/readdirp 625ms (cache revalidated)
npm http fetch GET 200 https://registry.npmjs.org/braces 663ms (cache revalidated)
npm http fetch GET 200 https://registry.npmjs.org/glob-parent 697ms (cache revalidated)
npm http fetch GET 200 https://registry.npmjs.org/escalade 712ms (cache revalidated)
npm http fetch GET 200 https://registry.npmjs.org/locate-path 766ms (cache revalidated)
npm http fetch GET 200 https://registry.npmjs.org/argparse 768ms (cache revalidated)
npm http fetch GET 200 https://registry.npmjs.org/anymatch 797ms (cache revalidated)
npm http fetch GET 200 https://registry.npmjs.org/is-glob 795ms (cache revalidated)
npm http fetch GET 200 https://registry.npmjs.org/path-exists 786ms (cache revalidated)
npm http fetch GET 200 https://registry.npmjs.org/fsevents 794ms (cache revalidated)
npm http fetch GET 200 https://registry.npmjs.org/camelcase 712ms (cache revalidated)
npm http fetch GET 200 https://registry.npmjs.org/is-binary-path 813ms (cache revalidated)
npm http fetch GET 200 https://registry.npmjs.org/randombytes 793ms (cache revalidated)
npm http fetch GET 200 https://registry.npmjs.org/flat 743ms (cache revalidated)
npm http fetch GET 200 https://registry.npmjs.org/is-plain-obj 746ms (cache revalidated)
npm http fetch GET 200 https://registry.npmjs.org/is-extglob 212ms (cache revalidated)
npm http fetch GET 200 https://registry.npmjs.org/binary-extensions 254ms (cache revalidated)
npm http fetch GET 200 https://registry.npmjs.org/picomatch 280ms (cache revalidated)
npm http fetch GET 200 https://registry.npmjs.org/picomatch 261ms (cache revalidated)
npm http fetch GET 200 https://registry.npmjs.org/fill-range 303ms (cache revalidated)
npm http fetch GET 200 https://registry.npmjs.org/to-regex-range 243ms (cache revalidated)
npm http fetch GET 200 https://registry.npmjs.org/is-number 76ms (cache revalidated)
npm http fetch GET 200 https://registry.npmjs.org/p-locate 75ms (cache revalidated)
npm http fetch GET 200 https://registry.npmjs.org/p-limit 93ms (cache revalidated)
npm http fetch GET 200 https://registry.npmjs.org/easy-stack 272ms (cache revalidated)
npm http fetch GET 200 https://registry.npmjs.org/yocto-queue 97ms (cache revalidated)
npm http fetch GET 200 https://registry.npmjs.org/clean-stack 81ms (cache revalidated)
npm http fetch GET 200 https://registry.npmjs.org/indent-string 96ms (cache revalidated)
npm http fetch GET 200 https://registry.npmjs.org/map-stream 243ms (cache revalidated)
npm http fetch GET 200 https://registry.npmjs.org/pause-stream 243ms (cache revalidated)
npm http fetch GET 200 https://registry.npmjs.org/stream-combiner 240ms (cache revalidated)
npm http fetch GET 200 https://registry.npmjs.org/split 251ms (cache revalidated)
npm http fetch GET 200 https://registry.npmjs.org/duplexer 275ms (cache revalidated)
npm http fetch GET 200 https://registry.npmjs.org/from 288ms (cache revalidated)
npm http fetch GET 200 https://registry.npmjs.org/call-bind 99ms (cache revalidated)
npm http fetch GET 200 https://registry.npmjs.org/get-intrinsic 99ms (cache revalidated)
npm http fetch GET 200 https://registry.npmjs.org/object-inspect 101ms (cache revalidated)
npm http fetch GET 200 https://registry.npmjs.org/har-schema 83ms (cache revalidated)
npm http fetch GET 200 https://registry.npmjs.org/fast-json-stable-stringify 71ms (cache revalidated)
npm http fetch GET 200 https://registry.npmjs.org/uri-js 74ms (cache revalidated)
npm http fetch GET 200 https://registry.npmjs.org/json-schema-traverse 83ms (cache revalidated)
npm http fetch GET 200 https://registry.npmjs.org/fast-deep-equal 86ms (cache revalidated)
npm http fetch GET 200 https://registry.npmjs.org/yallist 197ms (cache revalidated)
npm http fetch GET 200 https://registry.npmjs.org/set-function-length 87ms (cache revalidated)
npm http fetch GET 200 https://registry.npmjs.org/function-bind 92ms (cache revalidated)
npm http fetch GET 200 https://registry.npmjs.org/has-proto 109ms (cache revalidated)
npm http fetch GET 200 https://registry.npmjs.org/has-symbols 110ms (cache revalidated)
npm http fetch GET 200 https://registry.npmjs.org/hasown 117ms (cache revalidated)
npm http fetch GET 200 https://registry.npmjs.org/gopd 65ms (cache revalidated)
npm http fetch GET 200 https://registry.npmjs.org/define-data-property 74ms (cache revalidated)
npm http fetch GET 200 https://registry.npmjs.org/has-property-descriptors 77ms (cache revalidated)
npm http fetch GET 200 https://registry.npmjs.org/requires-port 94ms (cache revalidated)
npm http fetch GET 200 https://registry.npmjs.org/querystringify 100ms (cache revalidated)
npm http fetch GET 200 https://registry.npmjs.org/ansi-align 242ms (cache revalidated)
npm http fetch GET 200 https://registry.npmjs.org/cli-boxes 242ms (cache revalidated)
npm http fetch GET 200 https://registry.npmjs.org/dot-prop 308ms (cache revalidated)
npm http fetch GET 200 https://registry.npmjs.org/write-file-atomic 307ms (cache revalidated)
npm http fetch GET 200 https://registry.npmjs.org/escape-goat 264ms (cache revalidated)
npm http fetch GET 200 https://registry.npmjs.org/unique-string 311ms (cache revalidated)
npm http fetch GET 200 https://registry.npmjs.org/widest-line 319ms (cache revalidated)
npm http fetch GET 200 https://registry.npmjs.org/package-json 304ms (cache revalidated)
npm http fetch GET 200 https://registry.npmjs.org/is-obj 151ms (cache revalidated)
npm http fetch GET 200 https://registry.npmjs.org/imurmurhash 118ms (cache revalidated)
npm http fetch GET 200 https://registry.npmjs.org/crypto-random-string 156ms (cache revalidated)
npm http fetch GET 200 https://registry.npmjs.org/typedarray-to-buffer 117ms (cache revalidated)
npm http fetch GET 200 https://registry.npmjs.org/registry-auth-token 87ms (cache revalidated)
npm http fetch GET 200 https://registry.npmjs.org/registry-url 87ms (cache revalidated)
npm http fetch GET 200 https://registry.npmjs.org/got 106ms (cache revalidated)
npm http fetch GET 200 https://registry.npmjs.org/@szmarczak%2Fhttp-timer 349ms (cache revalidated)
npm http fetch GET 200 https://registry.npmjs.org/decompress-response 354ms (cache revalidated)
npm http fetch GET 200 https://registry.npmjs.org/cacheable-request 358ms (cache revalidated)
npm http fetch GET 200 https://registry.npmjs.org/p-cancelable 355ms (cache revalidated)
npm http fetch GET 200 https://registry.npmjs.org/duplexer3 364ms (cache revalidated)
npm http fetch GET 200 https://registry.npmjs.org/url-parse-lax 358ms (cache revalidated)
npm http fetch GET 200 https://registry.npmjs.org/lowercase-keys 370ms (cache revalidated)
npm http fetch GET 200 https://registry.npmjs.org/rc 375ms (cache revalidated)
npm http fetch GET 200 https://registry.npmjs.org/mimic-response 390ms (cache revalidated)
npm http fetch GET 200 https://registry.npmjs.org/rc 383ms (cache revalidated)
npm http fetch GET 200 https://registry.npmjs.org/@sindresorhus%2Fis 405ms (cache revalidated)
npm http fetch GET 200 https://registry.npmjs.org/to-readable-stream 397ms (cache revalidated)
npm http fetch GET 200 https://registry.npmjs.org/clone-response 297ms (cache revalidated)
npm http fetch GET 200 https://registry.npmjs.org/normalize-url 285ms (cache revalidated)
npm http fetch GET 200 https://registry.npmjs.org/prepend-http 253ms (cache revalidated)
npm http fetch GET 200 https://registry.npmjs.org/keyv 296ms (cache revalidated)
npm http fetch GET 200 https://registry.npmjs.org/responselike 297ms (cache revalidated)
npm http fetch GET 200 https://registry.npmjs.org/http-cache-semantics 307ms (cache revalidated)
npm http fetch GET 200 https://registry.npmjs.org/defer-to-connect 372ms (cache revalidated)
npm http fetch GET 200 https://registry.npmjs.org/json-buffer 98ms (cache revalidated)
npm http fetch GET 200 https://registry.npmjs.org/deep-extend 51ms (cache revalidated)
npm http fetch GET 200 https://registry.npmjs.org/pend 91ms (cache revalidated)
npm http fetch GET 200 https://registry.npmjs.org/crc32-stream 62ms (cache revalidated)
npm http fetch GET 200 https://registry.npmjs.org/crc-32 71ms (cache revalidated)
npm http fetch GET 200 https://registry.npmjs.org/buffer-fill 880ms (cache revalidated)
npm http fetch GET 200 https://registry.npmjs.org/buffer-alloc-unsafe 883ms (cache revalidated)
npm http fetch GET 200 https://registry.npmjs.org/p-try 94ms (cache revalidated)
npm verb reify failed optional dependency C:\Users\srini\mywork\automation-testing\Ecommerce-domain\tmpBstackPackages\node_modules\fsevents
npm notice Beginning October 4, 2021, all connections to the npm registry - including for package installation - must use TLS 1.2 or higher. You are currently using plaintext http to connect. Please visit the GitHub blog for more information: https://github.blog/2021-08-23-npm-registry-deprecating-tls-1-0-tls-1-1/
npm http fetch POST 426 http://registry.npmjs.org/-/npm/v1/security/advisories/bulk 348ms
npm notice Beginning October 4, 2021, all connections to the npm registry - including for package installation - must use TLS 1.2 or higher. You are currently using plaintext http to connect. Please visit the GitHub blog for more information: https://github.blog/2021-08-23-npm-registry-deprecating-tls-1-0-tls-1-1/
npm http fetch POST 426 http://registry.npmjs.org/-/npm/v1/security/audits/quick 181ms
npm verb audit error HttpErrorGeneral: 426 Upgrade Required - POST http://registry.npmjs.org/-/npm/v1/security/audits/quick
npm verb audit error     at C:\Users\srini\AppData\Roaming\npm\node_modules\npm\node_modules\npm-registry-fetch\lib\check-response.js:95:15
npm verb audit error     at process.processTicksAndRejections (node:internal/process/task_queues:95:5)
npm verb audit error     at async [getReport] (C:\Users\srini\AppData\Roaming\npm\node_modules\npm\node_modules\@npmcli\arborist\lib\audit-report.js:335:21)
npm verb audit error     at async AuditReport.run (C:\Users\srini\AppData\Roaming\npm\node_modules\npm\node_modules\@npmcli\arborist\lib\audit-report.js:106:19)
npm verb audit error  HttpErrorGeneral: 426 Upgrade Required - POST http://registry.npmjs.org/-/npm/v1/security/audits/quick
npm verb audit error     at C:\Users\srini\AppData\Roaming\npm\node_modules\npm\node_modules\npm-registry-fetch\lib\check-response.js:95:15
npm verb audit error     at process.processTicksAndRejections (node:internal/process/task_queues:95:5)
npm verb audit error     at async [getReport] (C:\Users\srini\AppData\Roaming\npm\node_modules\npm\node_modules\@npmcli\arborist\lib\audit-report.js:335:21)
npm verb audit error     at async AuditReport.run (C:\Users\srini\AppData\Roaming\npm\node_modules\npm\node_modules\@npmcli\arborist\lib\audit-report.js:106:19) {
npm verb audit error   headers: [Object: null prototype] {
npm verb audit error     date: [ 'Fri, 29 Dec 2023 14:32:32 GMT' ],
npm verb audit error     'content-type': [ 'text/plain' ],
npm verb audit error     'content-length': [ '271' ],
npm verb audit error     connection: [ 'keep-alive' ],
npm verb audit error     'npm-notice': [
npm verb audit error       'Beginning October 4, 2021, all connections to the npm registry - including for package installation - must use TLS 1.2 or higher. You are currently using plaintext http to connect. Please visit the GitHub blog for more information: https://github.blog/2021-08-23-npm-registry-deprecating-tls-1-0-tls-1-1/'
npm verb audit error     ],
npm verb audit error     vary: [ 'Accept-Encoding' ],
npm verb audit error     server: [ 'cloudflare' ],
npm verb audit error     'cf-ray': [ '83d2c0c29e7a98fa-ARN' ],
npm verb audit error     'x-fetch-attempts': [ '1' ]
npm verb audit error   },
npm verb audit error   statusCode: 426,
npm verb audit error   code: 'E426',
npm verb audit error   method: 'POST',
npm verb audit error   uri: 'http://registry.npmjs.org/-/npm/v1/security/audits/quick',
npm verb audit error   body: <Buffer 42 65 67 69 6e 6e 69 6e 67 20 4f 63 74 6f 62 65 72 20 34 2c 20 32 30 32 31 2c 20 61 6c 6c 20 63 6f 6e 6e 65 63 74 69 6f 6e 73 20 74 6f 20 6e 70 6d 20 ... 221 more bytes>,
npm verb audit error   pkgid: undefined
npm verb audit error }
npm WARN deprecated har-validator@5.1.5: this library is no longer supported
npm WARN deprecated uuid@3.4.0: Please upgrade  to version 7 or higher.  Older versions may use Math.random() in certain circumstances, which is known to be problematic.  See https://v8.dev/blog/math-random for details.
npm WARN deprecated request@2.88.2: request has been deprecated, see https://github.com/request/request/issues/3142
npm info run cypress@13.6.2 postinstall node_modules/cypress node index.js --exec install
npm info run cypress@13.6.2 postinstall { code: 0, signal: null }

added 449 packages in 1m

66 packages are looking for funding
  run `npm fund` for details
npm verb exit 0
npm info ok 
